2021-02-14T09:37:22.673-0400	[31mERROR[0m	controller/handler.go:31	interface conversion: interface {} is nil, not int64
github.com/GoAdminGroup/go-admin/modules/logger.Error
	C:/Users/Administrator/go/pkg/mod/github.com/!go!admin!group/go-admin@v1.2.19/modules/logger/logger.go:285
github.com/GoAdminGroup/go-admin/plugins/admin/controller.(*Handler).GlobalDeferHandler
	C:/Users/Administrator/go/pkg/mod/github.com/!go!admin!group/go-admin@v1.2.19/plugins/admin/controller/handler.go:31
runtime.gopanic
	c:/go/src/runtime/panic.go:969
runtime.panicdottypeE
	c:/go/src/runtime/iface.go:261
github.com/GoAdminGroup/go-admin/plugins/admin/models.PermissionModel.MapToModel
	C:/Users/Administrator/go/pkg/mod/github.com/!go!admin!group/go-admin@v1.2.19/plugins/admin/models/permission.go:77
github.com/GoAdminGroup/go-admin/plugins/admin/models.UserModel.WithPermissions
	C:/Users/Administrator/go/pkg/mod/github.com/!go!admin!group/go-admin@v1.2.19/plugins/admin/models/user.go:314
github.com/GoAdminGroup/go-admin/modules/auth.Check
	C:/Users/Administrator/go/pkg/mod/github.com/!go!admin!group/go-admin@v1.2.19/modules/auth/auth.go:36
github.com/GoAdminGroup/go-admin/plugins/admin/controller.(*Handler).Auth
	C:/Users/Administrator/go/pkg/mod/github.com/!go!admin!group/go-admin@v1.2.19/plugins/admin/controller/auth.go:51
github.com/GoAdminGroup/go-admin/context.(*Context).Next
	C:/Users/Administrator/go/pkg/mod/github.com/!go!admin!group/go-admin@v1.2.19/context/context.go:101
github.com/GoAdminGroup/go-admin/plugins/admin.(*Admin).globalErrorHandler
	C:/Users/Administrator/go/pkg/mod/github.com/!go!admin!group/go-admin@v1.2.19/plugins/admin/router.go:106
github.com/GoAdminGroup/go-admin/context.(*Context).Next
	C:/Users/Administrator/go/pkg/mod/github.com/!go!admin!group/go-admin@v1.2.19/context/context.go:101
github.com/GoAdminGroup/go-admin/adapter/gin.(*Gin).AddHandler.func1
	C:/Users/Administrator/go/pkg/mod/github.com/!go!admin!group/go-admin@v1.2.19/adapter/gin/gin.go:91
github.com/gin-gonic/gin.(*Context).Next
	C:/Users/Administrator/go/pkg/mod/github.com/gin-gonic/gin@v1.6.3/context.go:161
github.com/gin-gonic/gin.RecoveryWithWriter.func1
	C:/Users/Administrator/go/pkg/mod/github.com/gin-gonic/gin@v1.6.3/recovery.go:83
github.com/gin-gonic/gin.(*Context).Next
	C:/Users/Administrator/go/pkg/mod/github.com/gin-gonic/gin@v1.6.3/context.go:161
github.com/gin-gonic/gin.LoggerWithConfig.func1
	C:/Users/Administrator/go/pkg/mod/github.com/gin-gonic/gin@v1.6.3/logger.go:241
github.com/gin-gonic/gin.(*Context).Next
	C:/Users/Administrator/go/pkg/mod/github.com/gin-gonic/gin@v1.6.3/context.go:161
github.com/gin-gonic/gin.(*Engine).handleHTTPRequest
	C:/Users/Administrator/go/pkg/mod/github.com/gin-gonic/gin@v1.6.3/gin.go:409
github.com/gin-gonic/gin.(*Engine).ServeHTTP
	C:/Users/Administrator/go/pkg/mod/github.com/gin-gonic/gin@v1.6.3/gin.go:367
net/http.serverHandler.ServeHTTP
	c:/go/src/net/http/server.go:2843
net/http.(*conn).serve
	c:/go/src/net/http/server.go:1925
2021-02-14T09:37:38.987-0400	[31mERROR[0m	controller/handler.go:31	interface conversion: interface {} is nil, not int64
github.com/GoAdminGroup/go-admin/modules/logger.Error
	C:/Users/Administrator/go/pkg/mod/github.com/!go!admin!group/go-admin@v1.2.19/modules/logger/logger.go:285
github.com/GoAdminGroup/go-admin/plugins/admin/controller.(*Handler).GlobalDeferHandler
	C:/Users/Administrator/go/pkg/mod/github.com/!go!admin!group/go-admin@v1.2.19/plugins/admin/controller/handler.go:31
runtime.gopanic
	c:/go/src/runtime/panic.go:969
runtime.panicdottypeE
	c:/go/src/runtime/iface.go:261
github.com/GoAdminGroup/go-admin/plugins/admin/models.PermissionModel.MapToModel
	C:/Users/Administrator/go/pkg/mod/github.com/!go!admin!group/go-admin@v1.2.19/plugins/admin/models/permission.go:77
github.com/GoAdminGroup/go-admin/plugins/admin/models.UserModel.WithPermissions
	C:/Users/Administrator/go/pkg/mod/github.com/!go!admin!group/go-admin@v1.2.19/plugins/admin/models/user.go:314
github.com/GoAdminGroup/go-admin/modules/auth.Check
	C:/Users/Administrator/go/pkg/mod/github.com/!go!admin!group/go-admin@v1.2.19/modules/auth/auth.go:36
github.com/GoAdminGroup/go-admin/plugins/admin/controller.(*Handler).Auth
	C:/Users/Administrator/go/pkg/mod/github.com/!go!admin!group/go-admin@v1.2.19/plugins/admin/controller/auth.go:51
github.com/GoAdminGroup/go-admin/context.(*Context).Next
	C:/Users/Administrator/go/pkg/mod/github.com/!go!admin!group/go-admin@v1.2.19/context/context.go:101
github.com/GoAdminGroup/go-admin/plugins/admin.(*Admin).globalErrorHandler
	C:/Users/Administrator/go/pkg/mod/github.com/!go!admin!group/go-admin@v1.2.19/plugins/admin/router.go:106
github.com/GoAdminGroup/go-admin/context.(*Context).Next
	C:/Users/Administrator/go/pkg/mod/github.com/!go!admin!group/go-admin@v1.2.19/context/context.go:101
github.com/GoAdminGroup/go-admin/adapter/gin.(*Gin).AddHandler.func1
	C:/Users/Administrator/go/pkg/mod/github.com/!go!admin!group/go-admin@v1.2.19/adapter/gin/gin.go:91
github.com/gin-gonic/gin.(*Context).Next
	C:/Users/Administrator/go/pkg/mod/github.com/gin-gonic/gin@v1.6.3/context.go:161
github.com/gin-gonic/gin.RecoveryWithWriter.func1
	C:/Users/Administrator/go/pkg/mod/github.com/gin-gonic/gin@v1.6.3/recovery.go:83
github.com/gin-gonic/gin.(*Context).Next
	C:/Users/Administrator/go/pkg/mod/github.com/gin-gonic/gin@v1.6.3/context.go:161
github.com/gin-gonic/gin.LoggerWithConfig.func1
	C:/Users/Administrator/go/pkg/mod/github.com/gin-gonic/gin@v1.6.3/logger.go:241
github.com/gin-gonic/gin.(*Context).Next
	C:/Users/Administrator/go/pkg/mod/github.com/gin-gonic/gin@v1.6.3/context.go:161
github.com/gin-gonic/gin.(*Engine).handleHTTPRequest
	C:/Users/Administrator/go/pkg/mod/github.com/gin-gonic/gin@v1.6.3/gin.go:409
github.com/gin-gonic/gin.(*Engine).ServeHTTP
	C:/Users/Administrator/go/pkg/mod/github.com/gin-gonic/gin@v1.6.3/gin.go:367
net/http.serverHandler.ServeHTTP
	c:/go/src/net/http/server.go:2843
net/http.(*conn).serve
	c:/go/src/net/http/server.go:1925
