2021-02-11T13:39:18.600-0400	[34mINFO[0m	engine/engine.go:402	=====> 初始化数据库连接
2021-02-11T13:40:50.673-0400	[34mINFO[0m	engine/engine.go:402	=====> 初始化数据库连接
2021-02-11T13:43:15.954-0400	[34mINFO[0m	engine/engine.go:402	=====> 初始化数据库连接
2021-02-11T13:43:17.563-0400	[34mINFO[0m	engine/engine.go:402	=====> 初始化配置
2021-02-11T13:43:18.380-0400	[34mINFO[0m	engine/engine.go:402	=====> 初始化导航栏按钮
2021-02-11T13:43:18.381-0400	[34mINFO[0m	engine/engine.go:402	=====> 初始化插件
2021-02-11T13:43:18.382-0400	[34mINFO[0m	engine/engine.go:402	=====> 初始化成功🍺🍺
2021-02-11T13:48:51.942-0400	[34mINFO[0m	engine/engine.go:402	=====> 初始化数据库连接
2021-02-11T13:48:53.542-0400	[34mINFO[0m	engine/engine.go:402	=====> 初始化配置
2021-02-11T13:48:54.357-0400	[34mINFO[0m	engine/engine.go:402	=====> 初始化导航栏按钮
2021-02-11T13:48:54.359-0400	[34mINFO[0m	engine/engine.go:402	=====> 初始化插件
2021-02-11T13:48:54.359-0400	[34mINFO[0m	engine/engine.go:402	=====> 初始化成功🍺🍺
2021-02-11T13:49:42.481-0400	[34mINFO[0m	engine/engine.go:402	=====> 初始化数据库连接
2021-02-11T13:49:44.087-0400	[34mINFO[0m	engine/engine.go:402	=====> 初始化配置
2021-02-11T13:49:44.902-0400	[34mINFO[0m	engine/engine.go:402	=====> 初始化导航栏按钮
2021-02-11T13:49:44.903-0400	[34mINFO[0m	engine/engine.go:402	=====> 初始化插件
2021-02-11T13:49:44.904-0400	[34mINFO[0m	engine/engine.go:402	=====> 初始化成功🍺🍺
2021-02-11T15:23:20.042-0400	[34mINFO[0m	engine/engine.go:402	=====> 初始化数据库连接
2021-02-11T15:23:21.685-0400	[34mINFO[0m	engine/engine.go:402	=====> 初始化配置
2021-02-11T15:23:22.498-0400	[34mINFO[0m	engine/engine.go:402	=====> 初始化导航栏按钮
2021-02-11T15:23:22.499-0400	[34mINFO[0m	engine/engine.go:402	=====> 初始化插件
2021-02-11T15:23:22.500-0400	[34mINFO[0m	engine/engine.go:402	=====> 初始化成功🍺🍺
2021-02-13T16:13:29.270-0400	[34mINFO[0m	engine/engine.go:402	=====> 初始化数据库连接
2021-02-13T16:13:44.374-0400	[34mINFO[0m	engine/engine.go:402	=====> 初始化配置
2021-02-13T16:13:50.398-0400	[34mINFO[0m	engine/engine.go:402	=====> 初始化导航栏按钮
2021-02-13T16:13:50.400-0400	[34mINFO[0m	engine/engine.go:402	=====> 初始化插件
2021-02-13T16:13:50.409-0400	[34mINFO[0m	engine/engine.go:402	=====> 初始化成功🍺🍺
2021-02-13T16:26:04.098-0400	[34mINFO[0m	engine/engine.go:402	=====> 初始化数据库连接
2021-02-13T16:26:08.947-0400	[34mINFO[0m	engine/engine.go:402	=====> 初始化配置
2021-02-13T16:26:09.830-0400	[34mINFO[0m	engine/engine.go:402	=====> 初始化导航栏按钮
2021-02-13T16:26:09.831-0400	[34mINFO[0m	engine/engine.go:402	=====> 初始化插件
2021-02-13T16:26:09.832-0400	[34mINFO[0m	engine/engine.go:402	=====> 初始化成功🍺🍺
2021-02-13T18:10:21.460-0400	[34mINFO[0m	engine/engine.go:402	=====> 初始化数据库连接
2021-02-13T18:10:23.879-0400	[34mINFO[0m	engine/engine.go:402	=====> 初始化配置
2021-02-13T18:10:24.679-0400	[34mINFO[0m	engine/engine.go:402	=====> 初始化导航栏按钮
2021-02-13T18:10:24.681-0400	[34mINFO[0m	engine/engine.go:402	=====> 初始化插件
2021-02-13T18:10:24.681-0400	[34mINFO[0m	engine/engine.go:402	=====> 初始化成功🍺🍺
2021-02-13T18:17:35.390-0400	[34mINFO[0m	engine/engine.go:402	=====> 初始化数据库连接
2021-02-13T18:17:37.670-0400	[34mINFO[0m	engine/engine.go:402	=====> 初始化配置
2021-02-13T18:17:38.503-0400	[34mINFO[0m	engine/engine.go:402	=====> 初始化导航栏按钮
2021-02-13T18:17:38.504-0400	[34mINFO[0m	engine/engine.go:402	=====> 初始化插件
2021-02-13T18:17:38.507-0400	[34mINFO[0m	engine/engine.go:402	=====> 初始化成功🍺🍺
2021-02-13T18:23:39.212-0400	[34mINFO[0m	engine/engine.go:402	=====> 初始化数据库连接
2021-02-13T18:23:41.242-0400	[34mINFO[0m	engine/engine.go:402	=====> 初始化配置
2021-02-13T18:23:42.056-0400	[34mINFO[0m	engine/engine.go:402	=====> 初始化导航栏按钮
2021-02-13T18:23:42.057-0400	[34mINFO[0m	engine/engine.go:402	=====> 初始化插件
2021-02-13T18:23:42.058-0400	[34mINFO[0m	engine/engine.go:402	=====> 初始化成功🍺🍺
